<?xml version="1.0" encoding="UTF-8"?>
<!-- Generated by org.testng.reporters.JUnitReportReporter -->
<testsuite hostname="VivoBook" failures="0" tests="2" name="mytests.HomePageTest" time="0.237" errors="0" timestamp="2022-10-23T23:10:53 IST" skipped="0">
  <testcase classname="mytests.HomePageTest" name="contactFooterTest" time="0.138"/>
  <system-out/>
  <testcase classname="mytests.HomePageTest" name="headerTest" time="0.099"/>
  <system-out/>
</testsuite> <!-- mytests.HomePageTest -->
